
[22:49:17 UTC] [SUCCESS] {"required_plugins":{"active":[{"slug":"elementor","init":"elementor\/elementor.php","name":"Elementor"}],"inactive":[],"notinstalled":[{"slug":"astra-addon","init":"astra-addon\/astra-addon.php","name":"Astra Pro","action":"http:\/\/refops.local\/wp-admin\/update.php?action=install-plugin&plugin=astra-addon&_wpnonce=80cac382f2"},{"slug":"latepoint","init":"latepoint\/latepoint.php","name":"LatePoint","action":"http:\/\/refops.local\/wp-admin\/update.php?action=install-plugin&plugin=latepoint&_wpnonce=5bc2b96c0f"},{"slug":"sureforms","init":"sureforms\/sureforms.php","name":"SureForms","action":"http:\/\/refops.local\/wp-admin\/update.php?action=install-plugin&plugin=sureforms&_wpnonce=a76a93018f"},{"slug":"header-footer-elementor","init":"header-footer-elementor\/header-footer-elementor.php","name":"Ultimate Addons for Elementor Lite","action":"http:\/\/refops.local\/wp-admin\/update.php?action=install-plugin&plugin=header-footer-elementor&_wpnonce=84617ba4b6"},{"slug":"ultimate-elementor","init":"ultimate-elementor\/ultimate-elementor.php","name":"Ultimate Addons for Elementor Pro","action":"http:\/\/refops.local\/wp-admin\/update.php?action=install-plugin&plugin=ultimate-elementor&_wpnonce=426108aa54"}]},"third_party_required_plugins":[],"update_avilable_plugins":[],"incompatible_plugins":[],"error":false} | Context: {"required_plugins":{"active":[{"slug":"elementor","init":"elementor\/elementor.php","name":"Elementor"}],"inactive":[],"notinstalled":[{"slug":"astra-addon","init":"astra-addon\/astra-addon.php","name":"Astra Pro","action":"http:\/\/refops.local\/wp-admin\/update.php?action=install-plugin&plugin=astra-addon&_wpnonce=80cac382f2"},{"slug":"latepoint","init":"latepoint\/latepoint.php","name":"LatePoint","action":"http:\/\/refops.local\/wp-admin\/update.php?action=install-plugin&plugin=latepoint&_wpnonce=5bc2b96c0f"},{"slug":"sureforms","init":"sureforms\/sureforms.php","name":"SureForms","action":"http:\/\/refops.local\/wp-admin\/update.php?action=install-plugin&plugin=sureforms&_wpnonce=a76a93018f"},{"slug":"header-footer-elementor","init":"header-footer-elementor\/header-footer-elementor.php","name":"Ultimate Addons for Elementor Lite","action":"http:\/\/refops.local\/wp-admin\/update.php?action=install-plugin&plugin=header-footer-elementor&_wpnonce=84617ba4b6"},{"slug":"ultimate-elementor","init":"ultimate-elementor\/ultimate-elementor.php","name":"Ultimate Addons for Elementor Pro","action":"http:\/\/refops.local\/wp-admin\/update.php?action=install-plugin&plugin=ultimate-elementor&_wpnonce=426108aa54"}]},"third_party_required_plugins":[],"update_avilable_plugins":[],"incompatible_plugins":[],"error":false}
[22:49:17 UTC] [SUCCESS] {"permissions":{"is_readable":true,"is_writable":true,"is_wp_filesystem":true},"directory":"C:\\Users\\bacco\\Local Sites\\refops\\app\\public\/wp-content\/uploads"} | Context: {"permissions":{"is_readable":true,"is_writable":true,"is_wp_filesystem":true},"directory":"C:\\Users\\bacco\\Local Sites\\refops\\app\\public\/wp-content\/uploads"}
[22:52:42 UTC] [SUCCESS] {"required_plugins":{"active":[{"slug":"elementor","init":"elementor\/elementor.php","name":"Elementor"}],"inactive":[],"notinstalled":[{"slug":"wpforms-lite","init":"wpforms-lite\/wpforms.php","name":"WPForms Lite","action":"http:\/\/refops.local\/wp-admin\/update.php?action=install-plugin&plugin=wpforms-lite&_wpnonce=655e068b32"},{"slug":"header-footer-elementor","init":"header-footer-elementor\/header-footer-elementor.php","name":"Ultimate Addons for Elementor Lite","action":"http:\/\/refops.local\/wp-admin\/update.php?action=install-plugin&plugin=header-footer-elementor&_wpnonce=84617ba4b6"},{"slug":"sureforms","init":"sureforms\/sureforms.php","name":"SureForms","action":"http:\/\/refops.local\/wp-admin\/update.php?action=install-plugin&plugin=sureforms&_wpnonce=a76a93018f"}]},"third_party_required_plugins":[],"update_avilable_plugins":[],"incompatible_plugins":[],"error":false} | Context: {"required_plugins":{"active":[{"slug":"elementor","init":"elementor\/elementor.php","name":"Elementor"}],"inactive":[],"notinstalled":[{"slug":"wpforms-lite","init":"wpforms-lite\/wpforms.php","name":"WPForms Lite","action":"http:\/\/refops.local\/wp-admin\/update.php?action=install-plugin&plugin=wpforms-lite&_wpnonce=655e068b32"},{"slug":"header-footer-elementor","init":"header-footer-elementor\/header-footer-elementor.php","name":"Ultimate Addons for Elementor Lite","action":"http:\/\/refops.local\/wp-admin\/update.php?action=install-plugin&plugin=header-footer-elementor&_wpnonce=84617ba4b6"},{"slug":"sureforms","init":"sureforms\/sureforms.php","name":"SureForms","action":"http:\/\/refops.local\/wp-admin\/update.php?action=install-plugin&plugin=sureforms&_wpnonce=a76a93018f"}]},"third_party_required_plugins":[],"update_avilable_plugins":[],"incompatible_plugins":[],"error":false}
[22:52:43 UTC] [SUCCESS] {"permissions":{"is_readable":true,"is_writable":true,"is_wp_filesystem":true},"directory":"C:\\Users\\bacco\\Local Sites\\refops\\app\\public\/wp-content\/uploads"} | Context: {"permissions":{"is_readable":true,"is_writable":true,"is_wp_filesystem":true},"directory":"C:\\Users\\bacco\\Local Sites\\refops\\app\\public\/wp-content\/uploads"}
[22:54:36 UTC] [SUCCESS] {"required_plugins":{"active":[{"slug":"elementor","init":"elementor\/elementor.php","name":"Elementor"}],"inactive":[],"notinstalled":[{"slug":"wpforms-lite","init":"wpforms-lite\/wpforms.php","name":"WPForms Lite","action":"http:\/\/refops.local\/wp-admin\/update.php?action=install-plugin&plugin=wpforms-lite&_wpnonce=655e068b32"},{"slug":"header-footer-elementor","init":"header-footer-elementor\/header-footer-elementor.php","name":"Ultimate Addons for Elementor Lite","action":"http:\/\/refops.local\/wp-admin\/update.php?action=install-plugin&plugin=header-footer-elementor&_wpnonce=84617ba4b6"},{"slug":"sureforms","init":"sureforms\/sureforms.php","name":"SureForms","action":"http:\/\/refops.local\/wp-admin\/update.php?action=install-plugin&plugin=sureforms&_wpnonce=a76a93018f"},{"name":"SureRank","slug":"surerank","init":"surerank\/surerank.php","action":"http:\/\/refops.local\/wp-admin\/update.php?action=install-plugin&plugin=surerank&_wpnonce=64832bc16f"}]},"third_party_required_plugins":[],"update_avilable_plugins":[],"incompatible_plugins":[],"error":false} | Context: {"required_plugins":{"active":[{"slug":"elementor","init":"elementor\/elementor.php","name":"Elementor"}],"inactive":[],"notinstalled":[{"slug":"wpforms-lite","init":"wpforms-lite\/wpforms.php","name":"WPForms Lite","action":"http:\/\/refops.local\/wp-admin\/update.php?action=install-plugin&plugin=wpforms-lite&_wpnonce=655e068b32"},{"slug":"header-footer-elementor","init":"header-footer-elementor\/header-footer-elementor.php","name":"Ultimate Addons for Elementor Lite","action":"http:\/\/refops.local\/wp-admin\/update.php?action=install-plugin&plugin=header-footer-elementor&_wpnonce=84617ba4b6"},{"slug":"sureforms","init":"sureforms\/sureforms.php","name":"SureForms","action":"http:\/\/refops.local\/wp-admin\/update.php?action=install-plugin&plugin=sureforms&_wpnonce=a76a93018f"},{"name":"SureRank","slug":"surerank","init":"surerank\/surerank.php","action":"http:\/\/refops.local\/wp-admin\/update.php?action=install-plugin&plugin=surerank&_wpnonce=64832bc16f"}]},"third_party_required_plugins":[],"update_avilable_plugins":[],"incompatible_plugins":[],"error":false}
[22:55:01 UTC] [INFO] Starting import process | Context: {"template_type":"classic","uuid":""}
[22:55:01 UTC] [INFO] Started Import Process
[22:55:01 UTC] [INFO] # System Details: 
[22:55:01 UTC] [INFO] Debug Mode 		: Disabled
[22:55:01 UTC] [INFO] Operating System 	: WINNT
[22:55:01 UTC] [INFO] Software 		: nginx/1.26.1
[22:55:01 UTC] [INFO] MySQL version 		: 8.0.35
[22:55:01 UTC] [INFO] XML Reader 		: Yes
[22:55:01 UTC] [INFO] PHP Version 		: 8.2.29
[22:55:01 UTC] [INFO] PHP Max Input Vars 	: 4000
[22:55:01 UTC] [INFO] PHP Max Post Size 	: 1000M
[22:55:01 UTC] [INFO] PHP Extension GD 	: Yes
[22:55:01 UTC] [INFO] PHP Max Execution Time 	: 1200
[22:55:01 UTC] [INFO] Max Upload Size 	: 300 MB
[22:55:01 UTC] [INFO] Memory Limit 		: Current memory limit 40M. We recommend setting memory to at least 64M.
[22:55:01 UTC] [INFO] Timezone 		: 0
[22:55:01 UTC] [INFO] 
-----

[22:55:01 UTC] [INFO] Importing Started! - 22:55:01 UTC
[22:55:01 UTC] [INFO] ---

[22:55:01 UTC] [INFO] WHY IMPORT PROCESS CAN FAIL? READ THIS - 
[22:55:01 UTC] [INFO] https://wpastra.com/docs/?p=1314&utm_source=demo-import-panel&utm_campaign=import-error&utm_medium=wp-dashboard

[22:55:01 UTC] [INFO] ---

[22:55:01 UTC] [SUCCESS] Import process start flag set successfully | Context: {"template_type":"classic"}
[22:55:01 UTC] [INFO] Image subsizes deferral enabled for import
[22:55:01 UTC] [INFO] Image subsizes deferral enabled for import
[22:55:02 UTC] [INFO] Checking if plugin directory clearing is needed
[22:55:02 UTC] [INFO] Plugin install clear directory enabled - Will clear destination directory
[22:55:02 UTC] [INFO] Plugin install clear directory options returned
[22:55:32 UTC] [INFO] Image subsizes deferral enabled for import
[22:55:33 UTC] [INFO] Checking if plugin directory clearing is needed
[22:55:33 UTC] [INFO] Plugin install clear directory enabled - Will clear destination directory
[22:55:33 UTC] [INFO] Plugin install clear directory options returned
[22:55:33 UTC] [SUCCESS] Plugin Activated | Context: {"success":true,"status":"activated","message":"Plugin Activated"}
[22:55:36 UTC] [INFO] Image subsizes deferral enabled for import
[22:55:42 UTC] [INFO] Image subsizes deferral enabled for import
[22:55:42 UTC] [SUCCESS] Plugin Activated | Context: {"success":true,"status":"activated","message":"Plugin Activated"}
[22:55:43 UTC] [INFO] Image subsizes deferral enabled for import
[22:55:43 UTC] [INFO] Image subsizes deferral enabled for import
[22:55:45 UTC] [INFO] Image subsizes deferral enabled for import
[22:55:45 UTC] [INFO] Image subsizes deferral enabled for import
[22:55:45 UTC] [INFO] Checking if plugin directory clearing is needed
[22:55:45 UTC] [INFO] Plugin install clear directory enabled - Will clear destination directory
[22:55:45 UTC] [INFO] Plugin install clear directory options returned
[22:55:55 UTC] [INFO] Image subsizes deferral enabled for import
[22:55:55 UTC] [SUCCESS] Plugin Activated | Context: {"success":true,"status":"activated","message":"Plugin Activated"}
[22:55:55 UTC] [INFO] Image subsizes deferral enabled for import
[22:55:56 UTC] [INFO] Image subsizes deferral enabled for import
[22:56:36 UTC] [INFO] Image subsizes deferral enabled for import
[22:56:36 UTC] [INFO] Image subsizes deferral enabled for import
[22:56:59 UTC] [INFO] Image subsizes deferral enabled for import
[22:56:59 UTC] [INFO] Image subsizes deferral enabled for import
[22:57:02 UTC] [INFO] Image subsizes deferral enabled for import
[22:57:02 UTC] [INFO] Starting import process | Context: {"template_type":"classic","uuid":""}
[22:57:02 UTC] [INFO] Started Import Process
[22:57:02 UTC] [INFO] # System Details: 
[22:57:02 UTC] [INFO] Debug Mode 		: Disabled
[22:57:02 UTC] [INFO] Operating System 	: WINNT
[22:57:02 UTC] [INFO] Software 		: nginx/1.26.1
[22:57:02 UTC] [INFO] MySQL version 		: 8.0.35
[22:57:02 UTC] [INFO] XML Reader 		: Yes
[22:57:02 UTC] [INFO] PHP Version 		: 8.2.29
[22:57:02 UTC] [INFO] PHP Max Input Vars 	: 4000
[22:57:02 UTC] [INFO] PHP Max Post Size 	: 1000M
[22:57:02 UTC] [INFO] PHP Extension GD 	: Yes
[22:57:02 UTC] [INFO] PHP Max Execution Time 	: 1200
[22:57:02 UTC] [INFO] Max Upload Size 	: 300 MB
[22:57:02 UTC] [INFO] Memory Limit 		: Current memory limit 40M. We recommend setting memory to at least 64M.
[22:57:02 UTC] [INFO] Timezone 		: 0
[22:57:02 UTC] [INFO] 
-----

[22:57:02 UTC] [INFO] Importing Started! - 22:57:02 UTC
[22:57:02 UTC] [INFO] ---

[22:57:02 UTC] [INFO] WHY IMPORT PROCESS CAN FAIL? READ THIS - 
[22:57:02 UTC] [INFO] https://wpastra.com/docs/?p=1314&utm_source=demo-import-panel&utm_campaign=import-error&utm_medium=wp-dashboard

[22:57:02 UTC] [INFO] ---

[22:57:02 UTC] [SUCCESS] Import process start flag set successfully | Context: {"template_type":"classic"}
[22:57:02 UTC] [INFO] Image subsizes deferral enabled for import
[22:57:05 UTC] [INFO] Image subsizes deferral enabled for import
[22:57:06 UTC] [INFO] Image subsizes deferral enabled for import
[22:57:06 UTC] [INFO] Image subsizes deferral enabled for import
[22:57:06 UTC] [SUCCESS] {"required_plugins":{"active":[{"slug":"elementor","init":"elementor\/elementor.php","name":"Elementor"},{"slug":"wpforms-lite","init":"wpforms-lite\/wpforms.php","name":"WPForms Lite"},{"slug":"header-footer-elementor","init":"header-footer-elementor\/header-footer-elementor.php","name":"Ultimate Addons for Elementor Lite"},{"name":"SureRank","slug":"surerank","init":"surerank\/surerank.php"}],"inactive":[],"notinstalled":[{"slug":"sureforms","init":"sureforms\/sureforms.php","name":"SureForms","action":"http:\/\/refops.local\/wp-admin\/update.php?action=install-plugin&plugin=sureforms&_wpnonce=a76a93018f"}]},"third_party_required_plugins":[],"update_avilable_plugins":[],"incompatible_plugins":[],"error":false} | Context: {"required_plugins":{"active":[{"slug":"elementor","init":"elementor\/elementor.php","name":"Elementor"},{"slug":"wpforms-lite","init":"wpforms-lite\/wpforms.php","name":"WPForms Lite"},{"slug":"header-footer-elementor","init":"header-footer-elementor\/header-footer-elementor.php","name":"Ultimate Addons for Elementor Lite"},{"name":"SureRank","slug":"surerank","init":"surerank\/surerank.php"}],"inactive":[],"notinstalled":[{"slug":"sureforms","init":"sureforms\/sureforms.php","name":"SureForms","action":"http:\/\/refops.local\/wp-admin\/update.php?action=install-plugin&plugin=sureforms&_wpnonce=a76a93018f"}]},"third_party_required_plugins":[],"update_avilable_plugins":[],"incompatible_plugins":[],"error":false}
[22:57:29 UTC] [INFO] Image subsizes deferral enabled for import
[22:57:31 UTC] [INFO] Image subsizes deferral enabled for import
[22:57:32 UTC] [INFO] Image subsizes deferral enabled for import
[22:57:34 UTC] [INFO] Image subsizes deferral enabled for import
[22:57:37 UTC] [INFO] Image subsizes deferral enabled for import
[22:58:31 UTC] [INFO] Image subsizes deferral enabled for import
[22:58:32 UTC] [INFO] Image subsizes deferral enabled for import
[22:58:33 UTC] [INFO] Image subsizes deferral enabled for import
[22:58:34 UTC] [INFO] Import process completed. Cleaning up log file option.